[debug] [2023-01-29T09:54:04.308Z] ----------------------------------------------------------------------
[debug] [2023-01-29T09:54:04.310Z] Command:       C:\Users\mnjoroge\DOWNLO~1\firebase-tools-instant-win.exe C:\Users\mnjoroge\.cache\firebase\tools\lib\node_modules\firebase-tools\lib\bin\firebase init
[debug] [2023-01-29T09:54:04.310Z] CLI Version:   11.21.0
[debug] [2023-01-29T09:54:04.310Z] Platform:      win32
[debug] [2023-01-29T09:54:04.310Z] Node Version:  v16.16.0
[debug] [2023-01-29T09:54:04.311Z] Time:          Sun Jan 29 2023 12:54:04 GMT+0300 (East Africa Time)
[debug] [2023-01-29T09:54:04.311Z] ----------------------------------------------------------------------
[debug] 
[debug] [2023-01-29T09:54:04.317Z] > command requires scopes: ["email","openid","https://www.googleapis.com/auth/cloudplatformprojects.readonly","https://www.googleapis.com/auth/firebase","https://www.googleapis.com/auth/cloud-platform"]
[debug] [2023-01-29T09:54:04.318Z] > authorizing via signed-in user (wanjiku.njoroge2019@students.jkuat.ac.ke)
[info] 
     ######## #### ########  ######## ########     ###     ######  ########
     ##        ##  ##     ## ##       ##     ##  ##   ##  ##       ##
     ######    ##  ########  ######   ########  #########  ######  ######
     ##        ##  ##    ##  ##       ##     ## ##     ##       ## ##
     ##       #### ##     ## ######## ########  ##     ##  ######  ########

You're about to initialize a Firebase project in this directory:

  C:\Users\mnjoroge\Documents\projects\web\cleaner

[info] 
=== Project Setup
[info] 
[info] First, let's associate this project directory with a Firebase project.
[info] You can create multiple project aliases by running firebase use --add, 
[info] but for now we'll just set up a default project.
[info] 
[debug] [2023-01-29T09:54:17.118Z] >>> [apiv2][query] GET https://firebase.googleapis.com/v1beta1/projects pageSize=100
[debug] [2023-01-29T09:54:17.929Z] <<< [apiv2][status] GET https://firebase.googleapis.com/v1beta1/projects 200
[debug] [2023-01-29T09:54:17.929Z] <<< [apiv2][body] GET https://firebase.googleapis.com/v1beta1/projects [omitted]
[info] i  Don't want to scroll through all your projects? If you know your project ID, you can initialize it directly using firebase init --project <project_id>.
 
[info] i  Using project cleaner-56a55 (cleaner) 
[info] 
=== Hosting Setup
[info] 
[info] Your public directory is the folder (relative to your project directory) that
[info] will contain Hosting assets to be uploaded with firebase deploy. If you
[info] have a build process for your assets, use your build's output directory.
[info] 
